Warning: Found unknown `fuzz_runs` config for profile `ci` defined in foundry.toml.
Warning: Found unknown `fuzz_runs` config for profile `default` defined in foundry.toml.
No files changed, compilation skipped
Script ran successfully.

== Logs ==
  Oracle: 0x0B65AAA64cB8f0225f02E17423f7f31BB8107c54
  Ratings configured
  Mining salt for hook...
  Predicted hook: 0x18BDb1E0509e71C1c30c8FA783b3C6efbd896080
  Salt: 1115
  Hook deployed: 0x18BDb1E0509e71C1c30c8FA783b3C6efbd896080
  Pool USDC/USDT initialized
  Pool USDC/DAI initialized
  Pool DAI/USDT initialized
  DEPLOYMENT COMPLETE!

## Setting up 1 EVM.

==========================

Chain 84532

Estimated gas price: 0.178845598 gwei

Estimated total gas used for script: 2932952

Estimated amount required: 0.000524545554345296 ETH

==========================

Transactions saved to: /home/daniel/Desktop/sarm-protocol/broadcast/DeploySAGE.s.sol/84532/run-latest.json

Sensitive values saved to: /home/daniel/Desktop/sarm-protocol/cache/DeploySAGE.s.sol/84532/run-latest.json

Error: Failed to send transaction

Context:
- server returned an error response: error code -32003: insufficient funds for gas * price + value: have 0 want 182489577059250
